{
  timestamp: 2024-03-07T05:35:06.719Z,
  message: 'Starting a postgresql pool with 13 connections.',
  target: 'quaint::pooled',
  level: 'info'
}
{
  message: {
    timestamp: 2024-03-07T05:35:06.807Z,
    query: 'SELECT COUNT(*) FROM (SELECT "public"."registered_users"."user_id" FROM "public"."registered_users" WHERE "public"."registered_users"."email" = $1 OFFSET $2) AS "sub"',
    params: '["test@test.co.id",0]',
    duration: 5,
    target: 'quaint::connector::metrics'
  },
  level: 'debug'
}
{
  message: {
    timestamp: 2024-03-07T05:35:06.950Z,
    query: 'BEGIN',
    params: '[]',
    duration: 8,
    target: 'quaint::connector::metrics'
  },
  level: 'debug'
}
{
  message: {
    timestamp: 2024-03-07T05:35:06.963Z,
    query: 'INSERT INTO "public"."registered_users" ("user_id","full_name","email","phone_number","package_type","password","role_id") VALUES ($1,$2,$3,$4,$5,$6,$7) RETURNING "public"."registered_users"."user_id"',
    params: '["57d4be98-419b-4e89-8467-593c0977579d","Test","test@test.co.id","1234567890","free","$2b$10$dz1ZReY9fQPncn/wdgdKtOO0FPI2LgVifv/7aCG36waTNibNefKu2",1]',
    duration: 11,
    target: 'quaint::connector::metrics'
  },
  level: 'debug'
}
{
  message: {
    timestamp: 2024-03-07T05:35:06.964Z,
    query: 'ROLLBACK',
    params: '[]',
    duration: 0,
    target: 'quaint::connector::metrics'
  },
  level: 'debug'
}
{
  message: '\n' +
    'Invalid `prisma.registeredUser.create()` invocation in\n' +
    'D:\\Ngoding\\backend_MeraihApp\\src\\features\\auth\\auth-service.ts:124:46\n' +
    '\n' +
    '  121 \n' +
    '  122 const hashedPassword = hashPassword(request.password);\n' +
    '  123 \n' +
    '→ 124 const user = await prisma.registeredUser.create(\n' +
    'Foreign key constraint failed on the field: `registered_users_role_id_fkey (index)`',
  target: 'registeredUser.create',
  timestamp: 2024-03-07T05:35:06.985Z,
  level: 'error'
}
{
  message: {
    timestamp: 2024-03-07T05:35:14.843Z,
    query: 'SELECT COUNT(*) FROM (SELECT "public"."registered_users"."user_id" FROM "public"."registered_users" WHERE "public"."registered_users"."email" = $1 OFFSET $2) AS "sub"',
    params: '["test@test.co.id",0]',
    duration: 0,
    target: 'quaint::connector::metrics'
  },
  level: 'debug'
}
{
  message: {
    timestamp: 2024-03-07T05:35:14.972Z,
    query: 'BEGIN',
    params: '[]',
    duration: 0,
    target: 'quaint::connector::metrics'
  },
  level: 'debug'
}
{
  message: {
    timestamp: 2024-03-07T05:35:14.974Z,
    query: 'INSERT INTO "public"."registered_users" ("user_id","full_name","email","phone_number","package_type","password","role_id") VALUES ($1,$2,$3,$4,$5,$6,$7) RETURNING "public"."registered_users"."user_id"',
    params: '["b7fc2dc9-cdd6-4257-9e4d-48c7131f02ff","Test","test@test.co.id","1234567890","free","$2b$10$dz1ZReY9fQPncn/wdgdKtOO0FPI2LgVifv/7aCG36waTNibNefKu2",1]',
    duration: 1,
    target: 'quaint::connector::metrics'
  },
  level: 'debug'
}
{
  message: {
    timestamp: 2024-03-07T05:35:14.975Z,
    query: 'ROLLBACK',
    params: '[]',
    duration: 0,
    target: 'quaint::connector::metrics'
  },
  level: 'debug'
}
{
  message: '\n' +
    'Invalid `prisma.registeredUser.create()` invocation in\n' +
    'D:\\Ngoding\\backend_MeraihApp\\src\\features\\auth\\auth-service.ts:124:46\n' +
    '\n' +
    '  121 \n' +
    '  122 const hashedPassword = hashPassword(request.password);\n' +
    '  123 \n' +
    '→ 124 const user = await prisma.registeredUser.create(\n' +
    'Foreign key constraint failed on the field: `registered_users_role_id_fkey (index)`',
  target: 'registeredUser.create',
  timestamp: 2024-03-07T05:35:14.978Z,
  level: 'error'
}
{
  timestamp: 2024-03-07T05:40:46.112Z,
  message: 'Starting a postgresql pool with 13 connections.',
  target: 'quaint::pooled',
  level: 'info'
}
{
  message: {
    timestamp: 2024-03-07T05:40:46.183Z,
    query: 'DELETE FROM "public"."roles" WHERE 1=1',
    params: '[]',
    duration: 2,
    target: 'quaint::connector::metrics'
  },
  level: 'debug'
}
{
  message: {
    timestamp: 2024-03-07T05:40:46.186Z,
    query: 'BEGIN',
    params: '[]',
    duration: 0,
    target: 'quaint::connector::metrics'
  },
  level: 'debug'
}
{
  message: {
    timestamp: 2024-03-07T05:40:46.195Z,
    query: 'INSERT INTO "public"."roles" ("name") VALUES ($1), ($2), ($3)',
    params: '["super-admin","admin","user"]',
    duration: 8,
    target: 'quaint::connector::metrics'
  },
  level: 'debug'
}
{
  message: {
    timestamp: 2024-03-07T05:40:46.196Z,
    query: 'COMMIT',
    params: '[]',
    duration: 1,
    target: 'quaint::connector::metrics'
  },
  level: 'debug'
}
{
  timestamp: 2024-03-07T05:41:01.734Z,
  message: 'Starting a postgresql pool with 13 connections.',
  target: 'quaint::pooled',
  level: 'info'
}
{
  message: {
    timestamp: 2024-03-07T05:41:01.823Z,
    query: 'SELECT COUNT(*) FROM (SELECT "public"."registered_users"."user_id" FROM "public"."registered_users" WHERE "public"."registered_users"."email" = $1 OFFSET $2) AS "sub"',
    params: '["test@test.co.id",0]',
    duration: 5,
    target: 'quaint::connector::metrics'
  },
  level: 'debug'
}
{
  message: {
    timestamp: 2024-03-07T05:41:01.952Z,
    query: 'BEGIN',
    params: '[]',
    duration: 0,
    target: 'quaint::connector::metrics'
  },
  level: 'debug'
}
{
  message: {
    timestamp: 2024-03-07T05:41:01.957Z,
    query: 'INSERT INTO "public"."registered_users" ("user_id","full_name","email","phone_number","package_type","password","role_id") VALUES ($1,$2,$3,$4,$5,$6,$7) RETURNING "public"."registered_users"."user_id"',
    params: '["c77fa753-6b2a-4e0f-81d3-a9909dbf8b34","Test","test@test.co.id","1234567890","free","$2b$10$9.HRRnGPAAGoQGOTi1wDlOLfOSGTA0gBFzj0ZctGfmkrD3wGk2JoC",1]',
    duration: 4,
    target: 'quaint::connector::metrics'
  },
  level: 'debug'
}
{
  message: {
    timestamp: 2024-03-07T05:41:01.961Z,
    query: 'INSERT INTO "public"."companies" ("company_id","user_id","name") VALUES ($1,$2,$3) RETURNING "public"."companies"."company_id"',
    params: '["af2cef76-533f-47b7-a918-0eadd5510f75","c77fa753-6b2a-4e0f-81d3-a9909dbf8b34","PT. Test"]',
    duration: 4,
    target: 'quaint::connector::metrics'
  },
  level: 'debug'
}
{
  message: {
    timestamp: 2024-03-07T05:41:01.965Z,
    query: 'INSERT INTO "public"."company_branches" ("company_id","email","phone_number","hq_initial") VALUES ($1,$2,$3,$4) RETURNING "public"."company_branches"."company_branch_id"',
    params: '["af2cef76-533f-47b7-a918-0eadd5510f75","test@test.co.id","1234567890","PUSAT"]',
    duration: 4,
    target: 'quaint::connector::metrics'
  },
  level: 'debug'
}
{
  message: {
    timestamp: 2024-03-07T05:41:01.967Z,
    query: 'SELECT "public"."registered_users"."user_id", "public"."registered_users"."full_name", "public"."registered_users"."email", "public"."registered_users"."phone_number", "public"."registered_users"."package_type", "public"."registered_users"."password", "public"."registered_users"."role_id" FROM "public"."registered_users" WHERE "public"."registered_users"."user_id" = $1 LIMIT $2 OFFSET $3',
    params: '["c77fa753-6b2a-4e0f-81d3-a9909dbf8b34",1,0]',
    duration: 0,
    target: 'quaint::connector::metrics'
  },
  level: 'debug'
}
{
  message: {
    timestamp: 2024-03-07T05:41:01.968Z,
    query: 'COMMIT',
    params: '[]',
    duration: 1,
    target: 'quaint::connector::metrics'
  },
  level: 'debug'
}
